Copyright 1986-2017 Xilinx, Inc. All Rights Reserved.
----------------------------------------------------------------------------------------------------------------------------------------------------------
| Tool Version     : Vivado v.2017.4 (win64) Build 2086221 Fri Dec 15 20:55:39 MST 2017
| Date             : Thu May 23 20:42:09 2024
| Host             : DESKTOP-KITILU9 running 64-bit major release  (build 9200)
| Command          : report_power -file MCCPUSOC_Top_power_routed.rpt -pb MCCPUSOC_Top_power_summary_routed.pb -rpx MCCPUSOC_Top_power_routed.rpx
| Design           : MCCPUSOC_Top
| Device           : xc7a100tcsg324-1
| Design State     : routed
| Grade            : commercial
| Process          : typical
| Characterization : Production
----------------------------------------------------------------------------------------------------------------------------------------------------------

Power Report

Table of Contents
-----------------
1. Summary
1.1 On-Chip Components
1.2 Power Supply Summary
1.3 Confidence Level
2. Settings
2.1 Environment
2.2 Clock Constraints
3. Detailed Reports
3.1 By Hierarchy

1. Summary
----------

+--------------------------+--------------+
| Total On-Chip Power (W)  | 0.104        |
| Design Power Budget (W)  | Unspecified* |
| Power Budget Margin (W)  | NA           |
| Dynamic (W)              | 0.007        |
| Device Static (W)        | 0.097        |
| Effective TJA (C/W)      | 4.6          |
| Max Ambient (C)          | 84.5         |
| Junction Temperature (C) | 25.5         |
| Confidence Level         | Low          |
| Setting File             | ---          |
| Simulation Activity File | ---          |
| Design Nets Matched      | NA           |
+--------------------------+--------------+
* Specify Design Power Budget using, set_operating_conditions -design_power_budget <value in Watts>


1.1 On-Chip Components
----------------------

+--------------------------+-----------+----------+-----------+-----------------+
| On-Chip                  | Power (W) | Used     | Available | Utilization (%) |
+--------------------------+-----------+----------+-----------+-----------------+
| Clocks                   |    <0.001 |        3 |       --- |             --- |
| Slice Logic              |     0.002 |     4026 |       --- |             --- |
|   LUT as Logic           |     0.002 |     1919 |     63400 |            3.03 |
|   F7/F8 Muxes            |    <0.001 |      548 |     63400 |            0.86 |
|   LUT as Distributed RAM |    <0.001 |       64 |     19000 |            0.34 |
|   Register               |    <0.001 |     1340 |    126800 |            1.06 |
|   CARRY4                 |    <0.001 |       35 |     15850 |            0.22 |
|   BUFG                   |    <0.001 |        1 |        32 |            3.13 |
|   Others                 |     0.000 |       14 |       --- |             --- |
| Signals                  |     0.002 |     2742 |       --- |             --- |
| I/O                      |     0.003 |       34 |       210 |           16.19 |
| Static Power             |     0.097 |          |           |                 |
| Total                    |     0.104 |          |           |                 |
+--------------------------+-----------+----------+-----------+-----------------+


1.2 Power Supply Summary
------------------------

+-----------+-------------+-----------+-------------+------------+
| Source    | Voltage (V) | Total (A) | Dynamic (A) | Static (A) |
+-----------+-------------+-----------+-------------+------------+
| Vccint    |       1.000 |     0.019 |       0.004 |      0.015 |
| Vccaux    |       1.800 |     0.018 |       0.000 |      0.018 |
| Vcco33    |       3.300 |     0.005 |       0.001 |      0.004 |
| Vcco25    |       2.500 |     0.000 |       0.000 |      0.000 |
| Vcco18    |       1.800 |     0.000 |       0.000 |      0.000 |
| Vcco15    |       1.500 |     0.000 |       0.000 |      0.000 |
| Vcco135   |       1.350 |     0.000 |       0.000 |      0.000 |
| Vcco12    |       1.200 |     0.000 |       0.000 |      0.000 |
| Vccaux_io |       1.800 |     0.000 |       0.000 |      0.000 |
| Vccbram   |       1.000 |     0.000 |       0.000 |      0.000 |
| MGTAVcc   |       1.000 |     0.000 |       0.000 |      0.000 |
| MGTAVtt   |       1.200 |     0.000 |       0.000 |      0.000 |
| Vccadc    |       1.800 |     0.020 |       0.000 |      0.020 |
+-----------+-------------+-----------+-------------+------------+


1.3 Confidence Level
--------------------

+-----------------------------+------------+--------------------------------------------------------+--------------------------------------------------------------------------------------------------------------------+
| User Input Data             | Confidence | Details                                                | Action                                                                                                             |
+-----------------------------+------------+--------------------------------------------------------+--------------------------------------------------------------------------------------------------------------------+
| Design implementation state | High       | Design is routed                                       |                                                                                                                    |
| Clock nodes activity        | Low        | User specified less than 75% of clocks                 | Provide missing clock activity with a constraint file, simulation results or by editing the "By Clock Domain" view |
| I/O nodes activity          | Low        | More than 75% of inputs are missing user specification | Provide missing input activity with simulation results or by editing the "By Resource Type -> I/Os" view           |
| Internal nodes activity     | Medium     | User specified less than 25% of internal nodes         | Provide missing internal nodes activity with simulation results or by editing the "By Resource Type" views         |
| Device models               | High       | Device models are Production                           |                                                                                                                    |
|                             |            |                                                        |                                                                                                                    |
| Overall confidence level    | Low        |                                                        |                                                                                                                    |
+-----------------------------+------------+--------------------------------------------------------+--------------------------------------------------------------------------------------------------------------------+


2. Settings
-----------

2.1 Environment
---------------

+-----------------------+--------------------------+
| Ambient Temp (C)      | 25.0                     |
| ThetaJA (C/W)         | 4.6                      |
| Airflow (LFM)         | 250                      |
| Heat Sink             | medium (Medium Profile)  |
| ThetaSA (C/W)         | 4.6                      |
| Board Selection       | medium (10"x10")         |
| # of Board Layers     | 12to15 (12 to 15 Layers) |
| Board Temperature (C) | 25.0                     |
+-----------------------+--------------------------+


2.2 Clock Constraints
---------------------

+-------------+--------+-----------------+
| Clock       | Domain | Constraint (ns) |
+-------------+--------+-----------------+
| sys_clk_pin | clk    |           100.0 |
+-------------+--------+-----------------+


3. Detailed Reports
-------------------

3.1 By Hierarchy
----------------

+-----------------------------------+-----------+
| Name                              | Power (W) |
+-----------------------------------+-----------+
| MCCPUSOC_Top                      |     0.007 |
|   U_7SEG                          |    <0.001 |
|   U_CLKDIV                        |    <0.001 |
|   U_DM                            |    <0.001 |
|     U0                            |    <0.001 |
|       synth_options.dist_mem_inst |    <0.001 |
|         gen_sp_ram.spram_inst     |    <0.001 |
|           ram_reg_0_127_0_0       |    <0.001 |
|           ram_reg_0_127_10_10     |    <0.001 |
|           ram_reg_0_127_11_11     |    <0.001 |
|           ram_reg_0_127_12_12     |    <0.001 |
|           ram_reg_0_127_13_13     |    <0.001 |
|           ram_reg_0_127_14_14     |    <0.001 |
|           ram_reg_0_127_15_15     |    <0.001 |
|           ram_reg_0_127_16_16     |    <0.001 |
|           ram_reg_0_127_17_17     |    <0.001 |
|           ram_reg_0_127_18_18     |    <0.001 |
|           ram_reg_0_127_19_19     |    <0.001 |
|           ram_reg_0_127_1_1       |    <0.001 |
|           ram_reg_0_127_20_20     |    <0.001 |
|           ram_reg_0_127_21_21     |    <0.001 |
|           ram_reg_0_127_22_22     |    <0.001 |
|           ram_reg_0_127_23_23     |    <0.001 |
|           ram_reg_0_127_24_24     |    <0.001 |
|           ram_reg_0_127_25_25     |    <0.001 |
|           ram_reg_0_127_26_26     |    <0.001 |
|           ram_reg_0_127_27_27     |    <0.001 |
|           ram_reg_0_127_28_28     |    <0.001 |
|           ram_reg_0_127_29_29     |    <0.001 |
|           ram_reg_0_127_2_2       |    <0.001 |
|           ram_reg_0_127_30_30     |    <0.001 |
|           ram_reg_0_127_31_31     |    <0.001 |
|           ram_reg_0_127_3_3       |    <0.001 |
|           ram_reg_0_127_4_4       |    <0.001 |
|           ram_reg_0_127_5_5       |    <0.001 |
|           ram_reg_0_127_6_6       |    <0.001 |
|           ram_reg_0_127_7_7       |    <0.001 |
|           ram_reg_0_127_8_8       |    <0.001 |
|           ram_reg_0_127_9_9       |    <0.001 |
|   U_MCCPU                         |     0.004 |
|     U_ALUR                        |    <0.001 |
|     U_AR                          |    <0.001 |
|     U_BR                          |    <0.001 |
|     U_CTRL                        |    <0.001 |
|     U_DataR                       |    <0.001 |
|     U_IR                          |     0.001 |
|     U_MUX4_GPR_A3                 |    <0.001 |
|     U_MUX4_GPR_WD                 |    <0.001 |
|     U_MUX4_PC                     |    <0.001 |
|     U_MUX_ADR                     |    <0.001 |
|     U_MUX_ALU_A                   |    <0.001 |
|     U_MUX_ALU_B                   |    <0.001 |
|     U_PC                          |    <0.001 |
|     U_RF                          |    <0.001 |
|   U_Multi                         |    <0.001 |
+-----------------------------------+-----------+


